13:01:15 - __main__ - INFO - Collecting Dataset.....
13:01:15 - __main__ - INFO - Number of Training data: 338
13:01:15 - __main__ - INFO - Number of Testing data: 38
13:01:15 - __main__ - INFO - Data Colelction Done
13:01:15 - __main__ - INFO - Data Preprocessing for train dataset startting.....
13:01:15 - __main__ - INFO - Creating input vocabulary for context and output vocabulary for lable/method name
13:01:15 - __main__ - INFO - Number of word in input vocabulary: 430
13:01:15 - __main__ - INFO - Number of word in output vocabulary: 112
13:01:15 - __main__ - INFO - Removing the words that appear less than 1 in input and output vocabulary
13:01:15 - __main__ - INFO - After Filtering
13:01:15 - __main__ - INFO - Number of word in input vocabulary: 430
13:01:15 - __main__ - INFO - Number of word in output vocabulary: 112
13:01:15 - __main__ - INFO - Context and label for training in encoded....
13:01:15 - __main__ - INFO - Context for training in padded....
13:01:15 - __main__ - INFO - Data Preprocessing Done...
13:01:15 - __main__ - INFO - Configuring Neural network model
13:01:15 - __main__ - INFO - Neural Network Configuration Done
13:01:15 - __main__ - INFO - Training is starting......
13:01:17 - __main__ - INFO - Training Done
13:01:17 - __main__ - INFO - Data Preprocessing for test dataset startting.....
13:01:17 - __main__ - INFO - Context and label for testing in encoded....
13:01:17 - __main__ - INFO - Context for testing in padded....
13:01:17 - __main__ - INFO - Testing is starting......
13:01:18 - __main__ - INFO - Accuracy: 50.000000
13:01:18 - __main__ - INFO - Testing Done
