14:23:00 - __main__ - INFO - Collecting Dataset.....
14:23:00 - __main__ - INFO - Number of Training data: 339
14:23:00 - __main__ - INFO - Number of Testing data: 37
14:23:00 - __main__ - INFO - Data Colelction Done
14:23:00 - __main__ - INFO - Data Preprocessing for train dataset startting.....
14:23:00 - __main__ - INFO - Creating input vocabulary for context and output vocabulary for lable/method name
14:23:00 - __main__ - INFO - Number of word in input vocabulary: 429
14:23:00 - __main__ - INFO - Number of word in output vocabulary: 112
14:23:00 - __main__ - INFO - Removing the words that appear less than 1 in input and output vocabulary
14:23:00 - __main__ - INFO - After Filtering
14:23:00 - __main__ - INFO - Number of word in input vocabulary: 429
14:23:00 - __main__ - INFO - Number of word in output vocabulary: 112
14:23:00 - __main__ - INFO - Context and label for training in encoded....
14:23:00 - __main__ - INFO - Context for training in padded....
14:23:00 - __main__ - INFO - Data Preprocessing Done...
14:23:00 - __main__ - INFO - Configuring Neural network model
14:23:01 - __main__ - INFO - Neural Network Configuration Done
14:23:01 - __main__ - INFO - Training is starting......
14:23:05 - __main__ - INFO - Training Done
14:23:05 - __main__ - INFO - Data Preprocessing for test dataset startting.....
14:23:05 - __main__ - INFO - Context and label for testing in encoded....
14:23:05 - __main__ - INFO - Context for testing in padded....
14:23:05 - __main__ - INFO - Testing is starting......
14:23:06 - __main__ - INFO - Accuracy: 29.729730
14:23:06 - __main__ - INFO - Testing Done
14:23:38 - __main__ - INFO - Collecting Dataset.....
14:23:38 - __main__ - INFO - Number of Training data: 338
14:23:38 - __main__ - INFO - Number of Testing data: 38
14:23:38 - __main__ - INFO - Data Colelction Done
14:23:38 - __main__ - INFO - Data Preprocessing for train dataset startting.....
14:23:38 - __main__ - INFO - Creating input vocabulary for context and output vocabulary for lable/method name
14:23:38 - __main__ - INFO - Number of word in input vocabulary: 431
14:23:38 - __main__ - INFO - Number of word in output vocabulary: 110
14:23:38 - __main__ - INFO - Removing the words that appear less than 1 in input and output vocabulary
14:23:38 - __main__ - INFO - After Filtering
14:23:38 - __main__ - INFO - Number of word in input vocabulary: 431
14:23:38 - __main__ - INFO - Number of word in output vocabulary: 110
14:23:38 - __main__ - INFO - Context and label for training in encoded....
14:23:38 - __main__ - INFO - Context for training in padded....
14:23:38 - __main__ - INFO - Data Preprocessing Done...
14:23:38 - __main__ - INFO - Configuring Neural network model
14:23:38 - __main__ - INFO - Neural Network Configuration Done
14:23:38 - __main__ - INFO - Training is starting......
14:23:40 - __main__ - INFO - Training Done
14:23:40 - __main__ - INFO - Data Preprocessing for test dataset startting.....
14:23:40 - __main__ - INFO - Context and label for testing in encoded....
14:23:40 - __main__ - INFO - Context for testing in padded....
14:23:40 - __main__ - INFO - Testing is starting......
14:23:41 - __main__ - INFO - Accuracy: 31.578946
14:23:41 - __main__ - INFO - Testing Done
14:27:46 - __main__ - INFO - Collecting Dataset.....
14:27:46 - __main__ - INFO - Number of Training data: 338
14:27:46 - __main__ - INFO - Number of Testing data: 38
14:27:46 - __main__ - INFO - Data Colelction Done
14:27:46 - __main__ - INFO - Data Preprocessing for train dataset startting.....
14:27:46 - __main__ - INFO - Creating input vocabulary for context and output vocabulary for lable/method name
14:27:46 - __main__ - INFO - Number of word in input vocabulary: 430
14:27:46 - __main__ - INFO - Number of word in output vocabulary: 112
14:27:46 - __main__ - INFO - Removing the words that appear less than 1 in input and output vocabulary
14:27:46 - __main__ - INFO - After Filtering
14:27:46 - __main__ - INFO - Number of word in input vocabulary: 430
14:27:46 - __main__ - INFO - Number of word in output vocabulary: 112
14:27:46 - __main__ - INFO - Context and label for training in encoded....
14:27:46 - __main__ - INFO - Context for training in padded....
14:27:46 - __main__ - INFO - Data Preprocessing Done...
14:27:46 - __main__ - INFO - Configuring Neural network model
14:27:46 - __main__ - INFO - Neural Network Configuration Done
14:27:46 - __main__ - INFO - Training is starting......
14:27:52 - __main__ - INFO - Training Done
14:27:52 - __main__ - INFO - Data Preprocessing for test dataset startting.....
14:27:52 - __main__ - INFO - Context and label for testing in encoded....
14:27:52 - __main__ - INFO - Context for testing in padded....
14:27:52 - __main__ - INFO - Testing is starting......
14:27:52 - __main__ - INFO - Accuracy: 7.894737
14:27:52 - __main__ - INFO - Testing Done
14:30:16 - __main__ - INFO - Collecting Dataset.....
14:30:16 - __main__ - INFO - Number of Training data: 338
14:30:16 - __main__ - INFO - Number of Testing data: 38
14:30:16 - __main__ - INFO - Data Colelction Done
14:30:16 - __main__ - INFO - Data Preprocessing for train dataset startting.....
14:30:16 - __main__ - INFO - Creating input vocabulary for context and output vocabulary for lable/method name
14:30:16 - __main__ - INFO - Number of word in input vocabulary: 430
14:30:16 - __main__ - INFO - Number of word in output vocabulary: 109
14:30:16 - __main__ - INFO - Removing the words that appear less than 1 in input and output vocabulary
14:30:16 - __main__ - INFO - After Filtering
14:30:16 - __main__ - INFO - Number of word in input vocabulary: 430
14:30:16 - __main__ - INFO - Number of word in output vocabulary: 109
14:30:16 - __main__ - INFO - Context and label for training in encoded....
14:30:16 - __main__ - INFO - Context for training in padded....
14:30:16 - __main__ - INFO - Data Preprocessing Done...
14:30:16 - __main__ - INFO - Configuring Neural network model
14:30:16 - __main__ - INFO - Neural Network Configuration Done
14:30:16 - __main__ - INFO - Training is starting......
14:30:22 - __main__ - INFO - Training Done
14:30:22 - __main__ - INFO - Data Preprocessing for test dataset startting.....
14:30:22 - __main__ - INFO - Context and label for testing in encoded....
14:30:22 - __main__ - INFO - Context for testing in padded....
14:30:22 - __main__ - INFO - Testing is starting......
14:30:22 - __main__ - INFO - Accuracy: 10.526316
14:30:22 - __main__ - INFO - Testing Done
14:33:09 - __main__ - INFO - Collecting Dataset.....
14:33:09 - __main__ - INFO - Number of Training data: 338
14:33:09 - __main__ - INFO - Number of Testing data: 38
14:33:09 - __main__ - INFO - Data Colelction Done
14:33:09 - __main__ - INFO - Data Preprocessing for train dataset startting.....
14:33:09 - __main__ - INFO - Creating input vocabulary for context and output vocabulary for lable/method name
14:33:09 - __main__ - INFO - Number of word in input vocabulary: 431
14:33:09 - __main__ - INFO - Number of word in output vocabulary: 108
14:33:09 - __main__ - INFO - Removing the words that appear less than 1 in input and output vocabulary
14:33:09 - __main__ - INFO - After Filtering
14:33:09 - __main__ - INFO - Number of word in input vocabulary: 431
14:33:09 - __main__ - INFO - Number of word in output vocabulary: 108
14:33:09 - __main__ - INFO - Context and label for training in encoded....
14:33:09 - __main__ - INFO - Context for training in padded....
14:33:09 - __main__ - INFO - Data Preprocessing Done...
14:33:09 - __main__ - INFO - Configuring Neural network model
14:33:10 - __main__ - INFO - Neural Network Configuration Done
14:33:10 - __main__ - INFO - Training is starting......
14:33:14 - __main__ - INFO - Training Done
14:33:14 - __main__ - INFO - Data Preprocessing for test dataset startting.....
14:33:14 - __main__ - INFO - Context and label for testing in encoded....
14:33:14 - __main__ - INFO - Context for testing in padded....
14:33:14 - __main__ - INFO - Testing is starting......
14:33:15 - __main__ - INFO - Accuracy: 21.052632
14:33:15 - __main__ - INFO - Testing Done
14:34:07 - __main__ - INFO - Collecting Dataset.....
14:34:07 - __main__ - INFO - Number of Training data: 338
14:34:07 - __main__ - INFO - Number of Testing data: 38
14:34:07 - __main__ - INFO - Data Colelction Done
14:34:07 - __main__ - INFO - Data Preprocessing for train dataset startting.....
14:34:07 - __main__ - INFO - Creating input vocabulary for context and output vocabulary for lable/method name
14:34:07 - __main__ - INFO - Number of word in input vocabulary: 430
14:34:07 - __main__ - INFO - Number of word in output vocabulary: 109
14:34:07 - __main__ - INFO - Removing the words that appear less than 1 in input and output vocabulary
14:34:07 - __main__ - INFO - After Filtering
14:34:07 - __main__ - INFO - Number of word in input vocabulary: 430
14:34:07 - __main__ - INFO - Number of word in output vocabulary: 109
14:34:07 - __main__ - INFO - Context and label for training in encoded....
14:34:07 - __main__ - INFO - Context for training in padded....
14:34:07 - __main__ - INFO - Data Preprocessing Done...
14:34:07 - __main__ - INFO - Configuring Neural network model
14:34:07 - __main__ - INFO - Neural Network Configuration Done
14:34:07 - __main__ - INFO - Training is starting......
14:34:13 - __main__ - INFO - Training Done
14:34:13 - __main__ - INFO - Data Preprocessing for test dataset startting.....
14:34:13 - __main__ - INFO - Context and label for testing in encoded....
14:34:13 - __main__ - INFO - Context for testing in padded....
14:34:13 - __main__ - INFO - Testing is starting......
14:34:14 - __main__ - INFO - Accuracy: 34.210527
14:34:14 - __main__ - INFO - Testing Done
14:39:06 - __main__ - INFO - Collecting Dataset.....
14:39:06 - __main__ - INFO - Number of Training data: 338
14:39:06 - __main__ - INFO - Number of Testing data: 38
14:39:06 - __main__ - INFO - Data Colelction Done
14:39:06 - __main__ - INFO - Data Preprocessing for train dataset startting.....
14:39:06 - __main__ - INFO - Creating input vocabulary for context and output vocabulary for lable/method name
14:39:06 - __main__ - INFO - Number of word in input vocabulary: 423
14:39:06 - __main__ - INFO - Number of word in output vocabulary: 109
14:39:06 - __main__ - INFO - Removing the words that appear less than 1 in input and output vocabulary
14:39:06 - __main__ - INFO - After Filtering
14:39:06 - __main__ - INFO - Number of word in input vocabulary: 423
14:39:06 - __main__ - INFO - Number of word in output vocabulary: 109
14:39:06 - __main__ - INFO - Context and label for training in encoded....
14:39:06 - __main__ - INFO - Context for training in padded....
14:39:06 - __main__ - INFO - Data Preprocessing Done...
14:39:06 - __main__ - INFO - Configuring Neural network model
14:39:07 - __main__ - INFO - Neural Network Configuration Done
14:39:07 - __main__ - INFO - Training is starting......
14:39:13 - __main__ - INFO - Training Done
14:39:13 - __main__ - INFO - Data Preprocessing for test dataset startting.....
14:39:13 - __main__ - INFO - Context and label for testing in encoded....
14:39:13 - __main__ - INFO - Context for testing in padded....
14:39:13 - __main__ - INFO - Testing is starting......
14:39:14 - __main__ - INFO - Accuracy: 15.789473
14:39:14 - __main__ - INFO - Testing Done
